2022-10-16 17:01:22.656  INFO 14168 --- [restartedMain] c.e.mscartoes.MscartoesApplication       : Starting MscartoesApplication using Java 11.0.13 on DESKTOP-P3JN3H2 with PID 14168 (B:\Microservicos\mscartoes\target\classes started by jonat in B:\Microservicos\mscartoes)
2022-10-16 17:01:22.657  INFO 14168 --- [restartedMain] c.e.mscartoes.MscartoesApplication       : No active profile set, falling back to 1 default profile: "default"
2022-10-16 17:01:22.690  INFO 14168 --- [restartedMain] .e.DevToolsPropertyDefaultsPostProcessor : Devtools property defaults active! Set 'spring.devtools.add-properties' to 'false' to disable
2022-10-16 17:01:22.690  INFO 14168 --- [restartedMain] .e.DevToolsPropertyDefaultsPostProcessor : For additional web related logging consider setting the 'logging.level.web' property to 'DEBUG'
2022-10-16 17:01:23.509  INFO 14168 --- [restartedMain] .s.d.r.c.RepositoryConfigurationDelegate : Bootstrapping Spring Data JPA repositories in DEFAULT mode.
2022-10-16 17:01:23.551  INFO 14168 --- [restartedMain] .s.d.r.c.RepositoryConfigurationDelegate : Finished Spring Data repository scanning in 36 ms. Found 2 JPA repository interfaces.
2022-10-16 17:01:23.730  INFO 14168 --- [restartedMain] o.s.cloud.context.scope.GenericScope     : BeanFactory id=784b69e5-185c-3d66-9209-dd649f0f4c89
2022-10-16 17:01:24.246  INFO 14168 --- [restartedMain] o.s.b.w.embedded.tomcat.TomcatWebServer  : Tomcat initialized with port(s): 0 (http)
2022-10-16 17:01:24.252  INFO 14168 --- [restartedMain] o.apache.catalina.core.StandardService   : Starting service [Tomcat]
2022-10-16 17:01:24.252  INFO 14168 --- [restartedMain] org.apache.catalina.core.StandardEngine  : Starting Servlet engine: [Apache Tomcat/9.0.60]
2022-10-16 17:01:24.560  INFO 14168 --- [restartedMain] o.a.c.c.C.[Tomcat].[localhost].[/]       : Initializing Spring embedded WebApplicationContext
2022-10-16 17:01:24.560  INFO 14168 --- [restartedMain] w.s.c.ServletWebServerApplicationContext : Root WebApplicationContext: initialization completed in 1868 ms
2022-10-16 17:01:24.639  INFO 14168 --- [restartedMain] com.zaxxer.hikari.HikariDataSource       : HikariPool-1 - Starting...
2022-10-16 17:01:24.708  INFO 14168 --- [restartedMain] com.zaxxer.hikari.HikariDataSource       : HikariPool-1 - Start completed.
2022-10-16 17:01:24.716  INFO 14168 --- [restartedMain] o.s.b.a.h2.H2ConsoleAutoConfiguration    : H2 console available at '/h2-console'. Database available at 'jdbc:h2:mem:d2516626-9e0e-4f35-9964-455b6051df90'
2022-10-16 17:01:24.855  INFO 14168 --- [restartedMain] o.hibernate.jpa.internal.util.LogHelper  : HHH000204: Processing PersistenceUnitInfo [name: default]
2022-10-16 17:01:24.889  INFO 14168 --- [restartedMain] org.hibernate.Version                    : HHH000412: Hibernate ORM core version 5.6.7.Final
2022-10-16 17:01:24.982  INFO 14168 --- [restartedMain] o.hibernate.annotations.common.Version   : HCANN000001: Hibernate Commons Annotations {5.1.2.Final}
2022-10-16 17:01:25.062  INFO 14168 --- [restartedMain] org.hibernate.dialect.Dialect            : HHH000400: Using dialect: org.hibernate.dialect.H2Dialect
2022-10-16 17:01:25.481  INFO 14168 --- [restartedMain] o.h.e.t.j.p.i.JtaPlatformInitiator       : HHH000490: Using JtaPlatform implementation: [org.hibernate.engine.transaction.jta.platform.internal.NoJtaPlatform]
2022-10-16 17:01:25.487  INFO 14168 --- [restartedMain] j.LocalContainerEntityManagerFactoryBean : Initialized JPA EntityManagerFactory for persistence unit 'default'
2022-10-16 17:01:25.834  WARN 14168 --- [restartedMain] JpaBaseConfiguration$JpaWebConfiguration : spring.jpa.open-in-view is enabled by default. Therefore, database queries may be performed during view rendering. Explicitly configure spring.jpa.open-in-view to disable this warning
2022-10-16 17:01:28.026  INFO 14168 --- [restartedMain] o.s.cloud.commons.util.InetUtils         : Cannot determine local hostname
2022-10-16 17:01:28.220  WARN 14168 --- [restartedMain] o.s.b.d.a.OptionalLiveReloadServer       : Unable to start LiveReload server
2022-10-16 17:01:29.695  INFO 14168 --- [restartedMain] o.s.cloud.commons.util.InetUtils         : Cannot determine local hostname
2022-10-16 17:01:29.700  INFO 14168 --- [restartedMain] DiscoveryClientOptionalArgsConfiguration : Eureka HTTP Client uses RestTemplate.
2022-10-16 17:01:29.753  WARN 14168 --- [restartedMain] iguration$LoadBalancerCaffeineWarnLogger : Spring Cloud LoadBalancer is currently working with the default cache. While this cache implementation is useful for development and tests, it's recommended to use Caffeine cache in production.You can switch to using Caffeine cache, by adding it and org.springframework.cache.caffeine.CaffeineCacheManager to the classpath.
2022-10-16 17:01:29.757  INFO 14168 --- [restartedMain] o.s.b.a.e.web.EndpointLinksResolver      : Exposing 17 endpoint(s) beneath base path '/actuator'
2022-10-16 17:01:29.868  INFO 14168 --- [restartedMain] o.s.b.w.embedded.tomcat.TomcatWebServer  : Tomcat started on port(s): 62258 (http) with context path ''
2022-10-16 17:01:29.869  INFO 14168 --- [restartedMain] .s.c.n.e.s.EurekaAutoServiceRegistration : Updating port to 62258
2022-10-16 17:01:29.873  INFO 14168 --- [restartedMain] o.s.c.n.eureka.InstanceInfoFactory       : Setting initial instance status as: STARTING
2022-10-16 17:01:29.897  INFO 14168 --- [restartedMain] com.netflix.discovery.DiscoveryClient    : Initializing Eureka in region us-east-1
2022-10-16 17:01:29.900  INFO 14168 --- [restartedMain] c.n.d.s.r.aws.ConfigClusterResolver      : Resolving eureka endpoints via configuration
2022-10-16 17:01:29.918  INFO 14168 --- [restartedMain] com.netflix.discovery.DiscoveryClient    : Disable delta property : false
2022-10-16 17:01:29.919  INFO 14168 --- [restartedMain] com.netflix.discovery.DiscoveryClient    : Single vip registry refresh property : null
2022-10-16 17:01:29.919  INFO 14168 --- [restartedMain] com.netflix.discovery.DiscoveryClient    : Force full registry fetch : false
2022-10-16 17:01:29.919  INFO 14168 --- [restartedMain] com.netflix.discovery.DiscoveryClient    : Application is null : false
2022-10-16 17:01:29.919  INFO 14168 --- [restartedMain] com.netflix.discovery.DiscoveryClient    : Registered Applications size is zero : true
2022-10-16 17:01:29.919  INFO 14168 --- [restartedMain] com.netflix.discovery.DiscoveryClient    : Application version is -1: true
2022-10-16 17:01:29.919  INFO 14168 --- [restartedMain] com.netflix.discovery.DiscoveryClient    : Getting all instance registry info from the eureka server
2022-10-16 17:01:30.200  INFO 14168 --- [restartedMain] com.netflix.discovery.DiscoveryClient    : The response status is 200
2022-10-16 17:01:30.203  INFO 14168 --- [restartedMain] com.netflix.discovery.DiscoveryClient    : Starting heartbeat executor: renew interval is: 30
2022-10-16 17:01:30.204  INFO 14168 --- [restartedMain] c.n.discovery.InstanceInfoReplicator     : InstanceInfoReplicator onDemand update allowed rate per min is 4
2022-10-16 17:01:30.208  INFO 14168 --- [restartedMain] com.netflix.discovery.DiscoveryClient    : Discovery Client initialized at timestamp 1665950490207 with initial instances count: 2
2022-10-16 17:01:30.210  INFO 14168 --- [restartedMain] o.s.c.n.e.s.EurekaServiceRegistry        : Registering application MSCARTOES with eureka with status UP
2022-10-16 17:01:30.210  INFO 14168 --- [restartedMain] com.netflix.discovery.DiscoveryClient    : Saw local status change event StatusChangeEvent [timestamp=1665950490210, current=UP, previous=STARTING]
2022-10-16 17:01:30.212  INFO 14168 --- [DiscoveryClient-InstanceInfoReplicator-0] com.netflix.discovery.DiscoveryClient    : DiscoveryClient_MSCARTOES/mscartoes:2b1cf866191a331232b7a1ed957aa6d5: registering service...
2022-10-16 17:01:30.338  INFO 14168 --- [DiscoveryClient-InstanceInfoReplicator-0] com.netflix.discovery.DiscoveryClient    : DiscoveryClient_MSCARTOES/mscartoes:2b1cf866191a331232b7a1ed957aa6d5 - registration status: 204
2022-10-16 17:01:31.736  INFO 14168 --- [restartedMain] o.s.cloud.commons.util.InetUtils         : Cannot determine local hostname
2022-10-16 17:01:31.740  INFO 14168 --- [restartedMain] o.s.a.r.c.CachingConnectionFactory       : Attempting to connect to: [localhost:5672]
2022-10-16 17:01:31.776  INFO 14168 --- [restartedMain] o.s.a.r.c.CachingConnectionFactory       : Created new connection: rabbitConnectionFactory#5bbe3b2a:0/SimpleConnection@36f05837 [delegate=amqp://guest@127.0.0.1:5672/, localPort= 62263]
2022-10-16 17:01:31.819  INFO 14168 --- [restartedMain] c.e.mscartoes.MscartoesApplication       : Started MscartoesApplication in 11.218 seconds (JVM running for 12.993)
2022-10-16 17:01:32.536  INFO 14168 --- [RMI TCP Connection(2)-192.168.1.190] o.a.c.c.C.[Tomcat].[localhost].[/]       : Initializing Spring DispatcherServlet 'dispatcherServlet'
2022-10-16 17:01:32.536  INFO 14168 --- [RMI TCP Connection(2)-192.168.1.190] o.s.web.servlet.DispatcherServlet        : Initializing Servlet 'dispatcherServlet'
2022-10-16 17:01:32.538  INFO 14168 --- [RMI TCP Connection(2)-192.168.1.190] o.s.web.servlet.DispatcherServlet        : Completed initialization in 1 ms
2022-10-16 17:06:29.929  INFO 14168 --- [AsyncResolver-bootstrap-executor-0] c.n.d.s.r.aws.ConfigClusterResolver      : Resolving eureka endpoints via configuration
2022-10-16 17:10:07.406  INFO 14168 --- [SpringApplicationShutdownHook] o.s.c.n.e.s.EurekaServiceRegistry        : Unregistering application MSCARTOES with eureka with status DOWN
2022-10-16 17:10:07.406  INFO 14168 --- [SpringApplicationShutdownHook] com.netflix.discovery.DiscoveryClient    : Saw local status change event StatusChangeEvent [timestamp=1665951007406, current=DOWN, previous=UP]
2022-10-16 17:10:07.406  INFO 14168 --- [DiscoveryClient-InstanceInfoReplicator-0] com.netflix.discovery.DiscoveryClient    : DiscoveryClient_MSCARTOES/mscartoes:2b1cf866191a331232b7a1ed957aa6d5: registering service...
2022-10-16 17:10:07.411  INFO 14168 --- [DiscoveryClient-InstanceInfoReplicator-0] com.netflix.discovery.DiscoveryClient    : DiscoveryClient_MSCARTOES/mscartoes:2b1cf866191a331232b7a1ed957aa6d5 - registration status: 204
2022-10-16 17:10:07.414  INFO 14168 --- [SpringApplicationShutdownHook] o.s.a.r.l.SimpleMessageListenerContainer : Waiting for workers to finish.
2022-10-16 17:10:08.178  INFO 14168 --- [SpringApplicationShutdownHook] o.s.a.r.l.SimpleMessageListenerContainer : Successfully waited for workers to finish.
2022-10-16 17:10:08.542  INFO 14168 --- [SpringApplicationShutdownHook] j.LocalContainerEntityManagerFactoryBean : Closing JPA EntityManagerFactory for persistence unit 'default'
2022-10-16 17:10:08.543  INFO 14168 --- [SpringApplicationShutdownHook] .SchemaDropperImpl$DelayedDropActionImpl : HHH000477: Starting delayed evictData of schema as part of SessionFactory shut-down'
2022-10-16 17:10:08.764  WARN 14168 --- [SpringApplicationShutdownHook] o.s.b.f.support.DisposableBeanAdapter    : Invocation of destroy method failed on bean with name 'inMemoryDatabaseShutdownExecutor': org.h2.jdbc.JdbcSQLNonTransientConnectionException: Database is already closed (to disable automatic closing at VM shutdown, add ";DB_CLOSE_ON_EXIT=FALSE" to the db URL) [90121-200]
2022-10-16 17:10:08.764  INFO 14168 --- [SpringApplicationShutdownHook] com.zaxxer.hikari.HikariDataSource       : HikariPool-1 - Shutdown initiated...
2022-10-16 17:10:08.768  INFO 14168 --- [SpringApplicationShutdownHook] com.zaxxer.hikari.HikariDataSource       : HikariPool-1 - Shutdown completed.
2022-10-16 17:10:08.770  INFO 14168 --- [SpringApplicationShutdownHook] com.netflix.discovery.DiscoveryClient    : Shutting down DiscoveryClient ...
2022-10-16 17:10:11.774  INFO 14168 --- [SpringApplicationShutdownHook] com.netflix.discovery.DiscoveryClient    : Unregistering ...
2022-10-16 17:10:11.789  INFO 14168 --- [SpringApplicationShutdownHook] com.netflix.discovery.DiscoveryClient    : DiscoveryClient_MSCARTOES/mscartoes:2b1cf866191a331232b7a1ed957aa6d5 - deregister  status: 200
2022-10-16 17:10:11.792  INFO 14168 --- [SpringApplicationShutdownHook] com.netflix.discovery.DiscoveryClient    : Completed shut down of DiscoveryClient
